# JRE version: Java(TM) SE Runtime Environment (8.0_40-b26) (build 1.8.0_40-b26)
# Java VM: Java HotSpot(TM) Client VM (25.40-b25 mixed mode windows-x86 )
Heap:
 def new generation   total 52928K, used 15992K [0x04800000, 0x08160000, 0x09d50000)
  eden space 47104K,  32% used [0x04800000, 0x056d0330, 0x07600000)
  from space 5824K,  14% used [0x07600000, 0x076cdea8, 0x07bb0000)
  to   space 5824K,   0% used [0x07bb0000, 0x07bb0000, 0x08160000)
 tenured generation   total 117356K, used 70412K [0x09d50000, 0x10feb000, 0x14800000)
   the space 117356K,  59% used [0x09d50000, 0x0e2131c8, 0x0e213200, 0x10feb000)
 Metaspace       used 18768K, capacity 20155K, committed 21120K, reserved 21888K
GC Heap History (10 events):
Event: 45667.394 GC heap before
{Heap before GC invocations=331 (full 11):
 def new generation   total 52928K, used 47659K [0x04800000, 0x08160000, 0x09d50000)
  eden space 47104K, 100% used [0x04800000, 0x07600000, 0x07600000)
  from space 5824K,   9% used [0x07bb0000, 0x07c3acc0, 0x08160000)
  to   space 5824K,   0% used [0x07600000, 0x07600000, 0x07bb0000)
 tenured generation   total 117356K, used 70412K [0x09d50000, 0x10feb000, 0x14800000)
   the space 117356K,  59% used [0x09d50000, 0x0e2131c8, 0x0e213200, 0x10feb000)
 Metaspace       used 18768K, capacity 20155K, committed 21120K, reserved 21888K
Event: 45667.397 GC heap after
Heap after GC invocations=332 (full 11):
 def new generation   total 52928K, used 555K [0x04800000, 0x08160000, 0x09d50000)
  eden space 47104K,   0% used [0x04800000, 0x04800000, 0x07600000)
  from space 5824K,   9% used [0x07600000, 0x0768ae10, 0x07bb0000)
  to   space 5824K,   0% used [0x07bb0000, 0x07bb0000, 0x08160000)
 tenured generation   total 117356K, used 70412K [0x09d50000, 0x10feb000, 0x14800000)
   the space 117356K,  59% used [0x09d50000, 0x0e2131c8, 0x0e213200, 0x10feb000)
 Metaspace       used 18768K, capacity 20155K, committed 21120K, reserved 21888K
}
Event: 47933.449 GC heap before
{Heap before GC invocations=332 (full 11):
 def new generation   total 52928K, used 47659K [0x04800000, 0x08160000, 0x09d50000)
  eden space 47104K, 100% used [0x04800000, 0x07600000, 0x07600000)
  from space 5824K,   9% used [0x07600000, 0x0768ae10, 0x07bb0000)
  to   space 5824K,   0% used [0x07bb0000, 0x07bb0000, 0x08160000)
 tenured generation   total 117356K, used 70412K [0x09d50000, 0x10feb000, 0x14800000)
   the space 117356K,  59% used [0x09d50000, 0x0e2131c8, 0x0e213200, 0x10feb000)
 Metaspace       used 18768K, capacity 20155K, committed 21120K, reserved 21888K
Event: 47933.453 GC heap after
Heap after GC invocations=333 (full 11):
 def new generation   total 52928K, used 555K [0x04800000, 0x08160000, 0x09d50000)
  eden space 47104K,   0% used [0x04800000, 0x04800000, 0x07600000)
  from space 5824K,   9% used [0x07bb0000, 0x07c3ad38, 0x08160000)
  to   space 5824K,   0% used [0x07600000, 0x07600000, 0x07bb0000)
 tenured generation   total 117356K, used 70412K [0x09d50000, 0x10feb000, 0x14800000)
   the space 117356K,  59% used [0x09d50000, 0x0e2131c8, 0x0e213200, 0x10feb000)
 Metaspace       used 18768K, capacity 20155K, committed 21120K, reserved 21888K
}
Event: 50144.685 GC heap before
{Heap before GC invocations=333 (full 11):
 def new generation   total 52928K, used 47659K [0x04800000, 0x08160000, 0x09d50000)
  eden space 47104K, 100% used [0x04800000, 0x07600000, 0x07600000)
  from space 5824K,   9% used [0x07bb0000, 0x07c3ad38, 0x08160000)
  to   space 5824K,   0% used [0x07600000, 0x07600000, 0x07bb0000)
 tenured generation   total 117356K, used 70412K [0x09d50000, 0x10feb000, 0x14800000)
   the space 117356K,  59% used [0x09d50000, 0x0e2131c8, 0x0e213200, 0x10feb000)
 Metaspace       used 18768K, capacity 20155K, committed 21120K, reserved 21888K
Event: 50144.688 GC heap after
Heap after GC invocations=334 (full 11):
 def new generation   total 52928K, used 533K [0x04800000, 0x08160000, 0x09d50000)
  eden space 47104K,   0% used [0x04800000, 0x04800000, 0x07600000)
  from space 5824K,   9% used [0x07600000, 0x07685480, 0x07bb0000)
  to   space 5824K,   0% used [0x07bb0000, 0x07bb0000, 0x08160000)
 tenured generation   total 117356K, used 70412K [0x09d50000, 0x10feb000, 0x14800000)
   the space 117356K,  59% used [0x09d50000, 0x0e2131c8, 0x0e213200, 0x10feb000)
 Metaspace       used 18768K, capacity 20155K, committed 21120K, reserved 21888K
}
Event: 59598.059 GC heap before
{Heap before GC invocations=334 (full 11):
 def new generation   total 52928K, used 47637K [0x04800000, 0x08160000, 0x09d50000)
  eden space 47104K, 100% used [0x04800000, 0x07600000, 0x07600000)
  from space 5824K,   9% used [0x07600000, 0x07685480, 0x07bb0000)
  to   space 5824K,   0% used [0x07bb0000, 0x07bb0000, 0x08160000)
 tenured generation   total 117356K, used 70412K [0x09d50000, 0x10feb000, 0x14800000)
   the space 117356K,  59% used [0x09d50000, 0x0e2131c8, 0x0e213200, 0x10feb000)
 Metaspace       used 18768K, capacity 20155K, committed 21120K, reserved 21888K
Event: 59598.064 GC heap after
Heap after GC invocations=335 (full 11):
 def new generation   total 52928K, used 830K [0x04800000, 0x08160000, 0x09d50000)
  eden space 47104K,   0% used [0x04800000, 0x04800000, 0x07600000)
  from space 5824K,  14% used [0x07bb0000, 0x07c7f898, 0x08160000)
  to   space 5824K,   0% used [0x07600000, 0x07600000, 0x07bb0000)
 tenured generation   total 117356K, used 70412K [0x09d50000, 0x10feb000, 0x14800000)
   the space 117356K,  59% used [0x09d50000, 0x0e2131c8, 0x0e213200, 0x10feb000)
 Metaspace       used 18768K, capacity 20155K, committed 21120K, reserved 21888K
}
Event: 61858.912 GC heap before
{Heap before GC invocations=335 (full 11):
 def new generation   total 52928K, used 47934K [0x04800000, 0x08160000, 0x09d50000)
  eden space 47104K, 100% used [0x04800000, 0x07600000, 0x07600000)
  from space 5824K,  14% used [0x07bb0000, 0x07c7f898, 0x08160000)
  to   space 5824K,   0% used [0x07600000, 0x07600000, 0x07bb0000)
 tenured generation   total 117356K, used 70412K [0x09d50000, 0x10feb000, 0x14800000)
   the space 117356K,  59% used [0x09d50000, 0x0e2131c8, 0x0e213200, 0x10feb000)
 Metaspace       used 18768K, capacity 20155K, committed 21120K, reserved 21888K
Event: 61858.916 GC heap after
Heap after GC invocations=336 (full 11):
 def new generation   total 52928K, used 823K [0x04800000, 0x08160000, 0x09d50000)
  eden space 47104K,   0% used [0x04800000, 0x04800000, 0x07600000)
  from space 5824K,  14% used [0x07600000, 0x076cdea8, 0x07bb0000)
  to   space 5824K,   0% used [0x07bb0000, 0x07bb0000, 0x08160000)
 tenured generation   total 117356K, used 70412K [0x09d50000, 0x10feb000, 0x14800000)
   the space 117356K,  59% used [0x09d50000, 0x0e2131c8, 0x0e213200, 0x10feb000)
 Metaspace       used 18768K, capacity 20155K, committed 21120K, reserved 21888K
}

